   0  $accept : %entry% $end

   1  ntldescr : NTSDECL IDENT SEMICOLON comma_sep_header_list
   2           | NTSDECL IDENT SEMICOLON decl_sequence

   3  comma_sep_header_list : gvars_decl SEMICOLON decl_sequence
   4                        | gvars_decl SEMICOLON comma_sep_header_list
   5                        | gvars_initial_conditions SEMICOLON comma_sep_header_list
   6                        | gvars_initial_conditions SEMICOLON decl_sequence
   7                        | thread_declaration SEMICOLON decl_sequence
   8                        | thread_declaration SEMICOLON comma_sep_header_list

   9  gvars_initial_conditions : INIT nts_trans_split_prec

  10  ident_list : IDENT
  11             | IDENT COMMA ident_list

  12  gvars_decl : ident_list COLON INTDECL
  13             | ident_list COLON REALDECL SEMICOLON
  14             | ident_list COLON NATDECL SEMICOLON
  15             | ident_list COLON BOOLDECL SEMICOLON

  16  thread_declaration : INSTANCES thread_decl_list

  17  thread_decl_list : thread_decl COMMA thread_decl_list
  18                   | thread_decl

  19  thread_decl : IDENT OBRACK INT CBRACK

  20  decl_sequence : decl_automata decl_sequence
  21                | EOF

  22  decl_automata : IDENT LBRACK vars_automaton states_list transitions_list RBRACK

  23  vars_automaton : vars_loc vars_automaton
  24                 | vars_loc

  25  vars_loc : INPUTVARLIST typed_id_list_list SEMICOLON
  26           | OUTPUTVARLIST typed_id_list_list SEMICOLON
  27           | typed_id_list_list SEMICOLON

  28  typed_id_list_list : typed_id_list COMMA typed_id_list_list
  29                     | typed_id_list

  30  typed_id_list : ident_list COLON INTDECL
  31                | ident_list COLON NATDECL
  32                | ident_list COLON REALDECL
  33                | ident_list COLON BOOLDECL

  34  transitions_list : transitions transitions_list
  35                   | transitions

  36  transitions : IDENT ARROW IDENT LBRACK RBRACK
  37              | IDENT ARROW IDENT LBRACK nts_trans_split RBRACK
  38              | IDENT COLON IDENT ARROW IDENT LBRACK nts_trans_split RBRACK
  39              | IDENT COLON IDENT ARROW IDENT LBRACK RBRACK

  40  states_list : cautomaton_state states_list
  41              | cautomaton_state

  42  cautomaton_state : INITSTATE ident_list SEMICOLON
  43                   | FINALSTATE ident_list SEMICOLON
  44                   | ERRORSTATE ident_list SEMICOLON

  45  nts_trans_elem : BNOT pressburg_atomic_bool
  46                 | BOR
  47                 | BNOT LBRACE pressburg_atomic_bool RBRACE
  48                 | BNOT LBRACE pressburg_tree_guards RBRACE
  49                 | LBRACE pressburg_atomic_bool RBRACE
  50                 | LBRACE pressburg_tree_guards RBRACE
  51                 | pressburg_atomic_bool
  52                 | gen_affect
  53                 | havocise
  54                 | qformula
  55                 | LBRACE qformula RBRACE

  56  qformula : EXISTS ident_list COLON INTDECL DOT pressburg_atomic_bool
  57           | EXISTS ident_list COLON INTDECL DOT LBRACE pressburg_tree_guards RBRACE
  58           | EXISTS ident_list COLON INTDECL DOT LBRACE qformula RBRACE
  59           | FORALL ident_list COLON INTDECL DOT pressburg_atomic_bool
  60           | FORALL ident_list COLON INTDECL DOT LBRACE pressburg_tree_guards RBRACE
  61           | FORALL ident_list COLON INTDECL DOT LBRACE qformula RBRACE

  62  nts_trans_split_prec : nts_trans_elem BOR nts_trans_split_prec
  63                       | nts_trans_elem BAND nts_trans_split_prec
  64                       | nts_trans_elem

  65  nts_trans_split : nts_trans_split_prec

  66  primed_var_list : primed_express COMMA primed_var_list
  67                  | primed_express COMMA primed_express

  68  gen_affect : PRIMEDVAR EQ IDENT LBRACE arithm_expr_list RBRACE
  69             | PRIMEDVAR EQ IDENT LBRACE RBRACE
  70             | PRIMEDVAR EQ arithm_expr
  71             | LBRACE PRIMEDVAR RBRACE EQ IDENT LBRACE arithm_expr_list RBRACE
  72             | LBRACE PRIMEDVAR RBRACE EQ IDENT LBRACE RBRACE
  73             | LBRACE primed_var_list RBRACE EQ IDENT LBRACE arithm_expr_list RBRACE
  74             | LBRACE primed_var_list RBRACE EQ IDENT LBRACE RBRACE
  75             | IDENT LBRACE arithm_expr_list RBRACE
  76             | IDENT LBRACE RBRACE

  77  pressburg_tree_guards : LBRACE pressburg_atomic_bool RBRACE
  78                        | LBRACE pressburg_tree_guards RBRACE
  79                        | LBRACE qformula RBRACE
  80                        | pressburg_atomic_bool BAND pressburg_atomic_bool
  81                        | pressburg_tree_guards BAND pressburg_tree_guards
  82                        | pressburg_tree_guards BAND pressburg_atomic_bool
  83                        | pressburg_atomic_bool BAND pressburg_tree_guards
  84                        | qformula BAND pressburg_tree_guards
  85                        | qformula BAND pressburg_atomic_bool
  86                        | pressburg_tree_guards BAND qformula
  87                        | pressburg_atomic_bool BAND qformula
  88                        | pressburg_atomic_bool BOR pressburg_atomic_bool
  89                        | pressburg_tree_guards BOR pressburg_atomic_bool
  90                        | pressburg_atomic_bool BOR pressburg_tree_guards
  91                        | pressburg_tree_guards BOR pressburg_tree_guards
  92                        | qformula BOR pressburg_tree_guards
  93                        | qformula BOR pressburg_atomic_bool
  94                        | pressburg_tree_guards BOR qformula
  95                        | pressburg_atomic_bool BOR qformula
  96                        | BNOT pressburg_tree_guards
  97                        | BNOT pressburg_atomic_bool

  98  pressburg_atomic_bool : BTRUE
  99                        | BFALSE
 100                        | arithm_expr GT arithm_expr
 101                        | arithm_expr LT arithm_expr
 102                        | arithm_expr GEQ arithm_expr
 103                        | arithm_expr LEQ arithm_expr
 104                        | arithm_expr EQ arithm_expr
 105                        | arithm_expr NEQ arithm_expr

 106  primed_express : PRIMEDVAR

 107  arithm_expr_list : arithm_expr
 108                   | arithm_expr COMMA arithm_expr_list

 109  arithm_expr : INT
 110              | IDENT
 111              | primed_express
 112              | LBRACE arithm_expr RBRACE
 113              | MINUS arithm_expr
 114              | arithm_expr PLUS arithm_expr
 115              | arithm_expr MINUS arithm_expr
 116              | arithm_expr DIV arithm_expr
 117              | arithm_expr MOD arithm_expr
 118              | arithm_expr TIMES arithm_expr

 119  havocise : HAVOC LBRACE ident_list RBRACE
 120           | HAVOC LBRACE RBRACE

 121  %entry% : '\001' ntldescr

state 0
	$accept : . %entry% $end  (0)

	'\001'  shift 1
	.  error

	%entry%  goto 2


state 1
	%entry% : '\001' . ntldescr  (121)

	NTSDECL  shift 3
	.  error

	ntldescr  goto 4


state 2
	$accept : %entry% . $end  (0)

	$end  accept


state 3
	ntldescr : NTSDECL . IDENT SEMICOLON comma_sep_header_list  (1)
	ntldescr : NTSDECL . IDENT SEMICOLON decl_sequence  (2)

	IDENT  shift 5
	.  error


state 4
	%entry% : '\001' ntldescr .  (121)

	.  reduce 121


state 5
	ntldescr : NTSDECL IDENT . SEMICOLON comma_sep_header_list  (1)
	ntldescr : NTSDECL IDENT . SEMICOLON decl_sequence  (2)

	SEMICOLON  shift 6
	.  error


state 6
	ntldescr : NTSDECL IDENT SEMICOLON . comma_sep_header_list  (1)
	ntldescr : NTSDECL IDENT SEMICOLON . decl_sequence  (2)

	IDENT  shift 7
	EOF  shift 8
	INSTANCES  shift 9
	INIT  shift 10
	.  error

	comma_sep_header_list  goto 11
	decl_sequence  goto 12
	gvars_decl  goto 13
	gvars_initial_conditions  goto 14
	thread_declaration  goto 15
	ident_list  goto 16
	decl_automata  goto 17


state 7
	ident_list : IDENT .  (10)
	ident_list : IDENT . COMMA ident_list  (11)
	decl_automata : IDENT . LBRACK vars_automaton states_list transitions_list RBRACK  (22)

	LBRACK  shift 18
	COMMA  shift 19
	COLON  reduce 10


state 8
	decl_sequence : EOF .  (21)

	.  reduce 21


state 9
	thread_declaration : INSTANCES . thread_decl_list  (16)

	IDENT  shift 20
	.  error

	thread_decl_list  goto 21
	thread_decl  goto 22


state 10
	gvars_initial_conditions : INIT . nts_trans_split_prec  (9)

	INT  shift 23
	IDENT  shift 24
	PRIMEDVAR  shift 25
	MINUS  shift 26
	LBRACE  shift 27
	BTRUE  shift 28
	BFALSE  shift 29
	BOR  shift 30
	BNOT  shift 31
	HAVOC  shift 32
	EXISTS  shift 33
	FORALL  shift 34
	.  error

	arithm_expr  goto 35
	nts_trans_split_prec  goto 36
	nts_trans_elem  goto 37
	pressburg_atomic_bool  goto 38
	gen_affect  goto 39
	havocise  goto 40
	qformula  goto 41
	primed_express  goto 42


state 11
	ntldescr : NTSDECL IDENT SEMICOLON comma_sep_header_list .  (1)

	.  reduce 1


state 12
	ntldescr : NTSDECL IDENT SEMICOLON decl_sequence .  (2)

	.  reduce 2


state 13
	comma_sep_header_list : gvars_decl . SEMICOLON decl_sequence  (3)
	comma_sep_header_list : gvars_decl . SEMICOLON comma_sep_header_list  (4)

	SEMICOLON  shift 43
	.  error


state 14
	comma_sep_header_list : gvars_initial_conditions . SEMICOLON comma_sep_header_list  (5)
	comma_sep_header_list : gvars_initial_conditions . SEMICOLON decl_sequence  (6)

	SEMICOLON  shift 44
	.  error


state 15
	comma_sep_header_list : thread_declaration . SEMICOLON decl_sequence  (7)
	comma_sep_header_list : thread_declaration . SEMICOLON comma_sep_header_list  (8)

	SEMICOLON  shift 45
	.  error


state 16
	gvars_decl : ident_list . COLON INTDECL  (12)
	gvars_decl : ident_list . COLON REALDECL SEMICOLON  (13)
	gvars_decl : ident_list . COLON NATDECL SEMICOLON  (14)
	gvars_decl : ident_list . COLON BOOLDECL SEMICOLON  (15)

	COLON  shift 46
	.  error


state 17
	decl_sequence : decl_automata . decl_sequence  (20)

	IDENT  shift 47
	EOF  shift 8
	.  error

	decl_sequence  goto 48
	decl_automata  goto 17


state 18
	decl_automata : IDENT LBRACK . vars_automaton states_list transitions_list RBRACK  (22)

	IDENT  shift 49
	INPUTVARLIST  shift 50
	OUTPUTVARLIST  shift 51
	.  error

	ident_list  goto 52
	vars_automaton  goto 53
	vars_loc  goto 54
	typed_id_list_list  goto 55
	typed_id_list  goto 56


state 19
	ident_list : IDENT COMMA . ident_list  (11)

	IDENT  shift 49
	.  error

	ident_list  goto 57


state 20
	thread_decl : IDENT . OBRACK INT CBRACK  (19)

	OBRACK  shift 58
	.  error


state 21
	thread_declaration : INSTANCES thread_decl_list .  (16)

	.  reduce 16


state 22
	thread_decl_list : thread_decl . COMMA thread_decl_list  (17)
	thread_decl_list : thread_decl .  (18)

	COMMA  shift 59
	SEMICOLON  reduce 18


state 23
	arithm_expr : INT .  (109)

	.  reduce 109


state 24
	gen_affect : IDENT . LBRACE arithm_expr_list RBRACE  (75)
	gen_affect : IDENT . LBRACE RBRACE  (76)
	arithm_expr : IDENT .  (110)

	LBRACE  shift 60
	TIMES  reduce 110
	PLUS  reduce 110
	MINUS  reduce 110
	DIV  reduce 110
	MOD  reduce 110
	LT  reduce 110
	GT  reduce 110
	EQ  reduce 110
	NEQ  reduce 110
	LEQ  reduce 110
	GEQ  reduce 110


state 25
	gen_affect : PRIMEDVAR . EQ IDENT LBRACE arithm_expr_list RBRACE  (68)
	gen_affect : PRIMEDVAR . EQ IDENT LBRACE RBRACE  (69)
	gen_affect : PRIMEDVAR . EQ arithm_expr  (70)
	primed_express : PRIMEDVAR .  (106)

	EQ  shift 61
	TIMES  reduce 106
	PLUS  reduce 106
	MINUS  reduce 106
	DIV  reduce 106
	MOD  reduce 106
	LT  reduce 106
	GT  reduce 106
	NEQ  reduce 106
	LEQ  reduce 106
	GEQ  reduce 106


state 26
	arithm_expr : MINUS . arithm_expr  (113)

	INT  shift 23
	IDENT  shift 62
	PRIMEDVAR  shift 63
	MINUS  shift 26
	LBRACE  shift 64
	.  error

	arithm_expr  goto 65
	primed_express  goto 42


state 27
	nts_trans_elem : LBRACE . pressburg_atomic_bool RBRACE  (49)
	nts_trans_elem : LBRACE . pressburg_tree_guards RBRACE  (50)
	nts_trans_elem : LBRACE . qformula RBRACE  (55)
	gen_affect : LBRACE . PRIMEDVAR RBRACE EQ IDENT LBRACE arithm_expr_list RBRACE  (71)
	gen_affect : LBRACE . PRIMEDVAR RBRACE EQ IDENT LBRACE RBRACE  (72)
	gen_affect : LBRACE . primed_var_list RBRACE EQ IDENT LBRACE arithm_expr_list RBRACE  (73)
	gen_affect : LBRACE . primed_var_list RBRACE EQ IDENT LBRACE RBRACE  (74)
	arithm_expr : LBRACE . arithm_expr RBRACE  (112)

	INT  shift 23
	IDENT  shift 62
	PRIMEDVAR  shift 66
	MINUS  shift 26
	LBRACE  shift 67
	BTRUE  shift 28
	BFALSE  shift 29
	BNOT  shift 68
	EXISTS  shift 33
	FORALL  shift 34
	.  error

	arithm_expr  goto 69
	pressburg_atomic_bool  goto 70
	pressburg_tree_guards  goto 71
	qformula  goto 72
	primed_var_list  goto 73
	primed_express  goto 74


state 28
	pressburg_atomic_bool : BTRUE .  (98)

	.  reduce 98


state 29
	pressburg_atomic_bool : BFALSE .  (99)

	.  reduce 99


state 30
	nts_trans_elem : BOR .  (46)

	.  reduce 46


state 31
	nts_trans_elem : BNOT . pressburg_atomic_bool  (45)
	nts_trans_elem : BNOT . LBRACE pressburg_atomic_bool RBRACE  (47)
	nts_trans_elem : BNOT . LBRACE pressburg_tree_guards RBRACE  (48)

	INT  shift 23
	IDENT  shift 62
	PRIMEDVAR  shift 63
	MINUS  shift 26
	LBRACE  shift 75
	BTRUE  shift 28
	BFALSE  shift 29
	.  error

	arithm_expr  goto 35
	pressburg_atomic_bool  goto 76
	primed_express  goto 42


state 32
	havocise : HAVOC . LBRACE ident_list RBRACE  (119)
	havocise : HAVOC . LBRACE RBRACE  (120)

	LBRACE  shift 77
	.  error


state 33
	qformula : EXISTS . ident_list COLON INTDECL DOT pressburg_atomic_bool  (56)
	qformula : EXISTS . ident_list COLON INTDECL DOT LBRACE pressburg_tree_guards RBRACE  (57)
	qformula : EXISTS . ident_list COLON INTDECL DOT LBRACE qformula RBRACE  (58)

	IDENT  shift 49
	.  error

	ident_list  goto 78


state 34
	qformula : FORALL . ident_list COLON INTDECL DOT pressburg_atomic_bool  (59)
	qformula : FORALL . ident_list COLON INTDECL DOT LBRACE pressburg_tree_guards RBRACE  (60)
	qformula : FORALL . ident_list COLON INTDECL DOT LBRACE qformula RBRACE  (61)

	IDENT  shift 49
	.  error

	ident_list  goto 79


state 35
	pressburg_atomic_bool : arithm_expr . GT arithm_expr  (100)
	pressburg_atomic_bool : arithm_expr . LT arithm_expr  (101)
	pressburg_atomic_bool : arithm_expr . GEQ arithm_expr  (102)
	pressburg_atomic_bool : arithm_expr . LEQ arithm_expr  (103)
	pressburg_atomic_bool : arithm_expr . EQ arithm_expr  (104)
	pressburg_atomic_bool : arithm_expr . NEQ arithm_expr  (105)
	arithm_expr : arithm_expr . PLUS arithm_expr  (114)
	arithm_expr : arithm_expr . MINUS arithm_expr  (115)
	arithm_expr : arithm_expr . DIV arithm_expr  (116)
	arithm_expr : arithm_expr . MOD arithm_expr  (117)
	arithm_expr : arithm_expr . TIMES arithm_expr  (118)

	TIMES  shift 80
	PLUS  shift 81
	MINUS  shift 82
	DIV  shift 83
	MOD  shift 84
	LT  shift 85
	GT  shift 86
	EQ  shift 87
	NEQ  shift 88
	LEQ  shift 89
	GEQ  shift 90
	.  error


state 36
	gvars_initial_conditions : INIT nts_trans_split_prec .  (9)

	.  reduce 9


state 37
	nts_trans_split_prec : nts_trans_elem . BOR nts_trans_split_prec  (62)
	nts_trans_split_prec : nts_trans_elem . BAND nts_trans_split_prec  (63)
	nts_trans_split_prec : nts_trans_elem .  (64)

	BAND  shift 91
	BOR  shift 92
	RBRACK  reduce 64
	SEMICOLON  reduce 64


state 38
	nts_trans_elem : pressburg_atomic_bool .  (51)

	.  reduce 51


state 39
	nts_trans_elem : gen_affect .  (52)

	.  reduce 52


state 40
	nts_trans_elem : havocise .  (53)

	.  reduce 53


state 41
	nts_trans_elem : qformula .  (54)

	.  reduce 54


state 42
	arithm_expr : primed_express .  (111)

	.  reduce 111


state 43
	comma_sep_header_list : gvars_decl SEMICOLON . decl_sequence  (3)
	comma_sep_header_list : gvars_decl SEMICOLON . comma_sep_header_list  (4)

	IDENT  shift 7
	EOF  shift 8
	INSTANCES  shift 9
	INIT  shift 10
	.  error

	comma_sep_header_list  goto 93
	decl_sequence  goto 94
	gvars_decl  goto 13
	gvars_initial_conditions  goto 14
	thread_declaration  goto 15
	ident_list  goto 16
	decl_automata  goto 17


state 44
	comma_sep_header_list : gvars_initial_conditions SEMICOLON . comma_sep_header_list  (5)
	comma_sep_header_list : gvars_initial_conditions SEMICOLON . decl_sequence  (6)

	IDENT  shift 7
	EOF  shift 8
	INSTANCES  shift 9
	INIT  shift 10
	.  error

	comma_sep_header_list  goto 95
	decl_sequence  goto 96
	gvars_decl  goto 13
	gvars_initial_conditions  goto 14
	thread_declaration  goto 15
	ident_list  goto 16
	decl_automata  goto 17


state 45
	comma_sep_header_list : thread_declaration SEMICOLON . decl_sequence  (7)
	comma_sep_header_list : thread_declaration SEMICOLON . comma_sep_header_list  (8)

	IDENT  shift 7
	EOF  shift 8
	INSTANCES  shift 9
	INIT  shift 10
	.  error

	comma_sep_header_list  goto 97
	decl_sequence  goto 98
	gvars_decl  goto 13
	gvars_initial_conditions  goto 14
	thread_declaration  goto 15
	ident_list  goto 16
	decl_automata  goto 17


state 46
	gvars_decl : ident_list COLON . INTDECL  (12)
	gvars_decl : ident_list COLON . REALDECL SEMICOLON  (13)
	gvars_decl : ident_list COLON . NATDECL SEMICOLON  (14)
	gvars_decl : ident_list COLON . BOOLDECL SEMICOLON  (15)

	INTDECL  shift 99
	NATDECL  shift 100
	REALDECL  shift 101
	BOOLDECL  shift 102
	.  error


state 47
	decl_automata : IDENT . LBRACK vars_automaton states_list transitions_list RBRACK  (22)

	LBRACK  shift 18
	.  error


state 48
	decl_sequence : decl_automata decl_sequence .  (20)

	.  reduce 20


state 49
	ident_list : IDENT .  (10)
	ident_list : IDENT . COMMA ident_list  (11)

	COMMA  shift 19
	RBRACE  reduce 10
	COLON  reduce 10
	SEMICOLON  reduce 10


state 50
	vars_loc : INPUTVARLIST . typed_id_list_list SEMICOLON  (25)

	IDENT  shift 49
	.  error

	ident_list  goto 52
	typed_id_list_list  goto 103
	typed_id_list  goto 56


state 51
	vars_loc : OUTPUTVARLIST . typed_id_list_list SEMICOLON  (26)

	IDENT  shift 49
	.  error

	ident_list  goto 52
	typed_id_list_list  goto 104
	typed_id_list  goto 56


state 52
	typed_id_list : ident_list . COLON INTDECL  (30)
	typed_id_list : ident_list . COLON NATDECL  (31)
	typed_id_list : ident_list . COLON REALDECL  (32)
	typed_id_list : ident_list . COLON BOOLDECL  (33)

	COLON  shift 105
	.  error


state 53
	decl_automata : IDENT LBRACK vars_automaton . states_list transitions_list RBRACK  (22)

	INITSTATE  shift 106
	FINALSTATE  shift 107
	ERRORSTATE  shift 108
	.  error

	states_list  goto 109
	cautomaton_state  goto 110


state 54
	vars_automaton : vars_loc . vars_automaton  (23)
	vars_automaton : vars_loc .  (24)

	IDENT  shift 49
	INPUTVARLIST  shift 50
	OUTPUTVARLIST  shift 51
	INITSTATE  reduce 24
	FINALSTATE  reduce 24
	ERRORSTATE  reduce 24

	ident_list  goto 52
	vars_automaton  goto 111
	vars_loc  goto 54
	typed_id_list_list  goto 55
	typed_id_list  goto 56


state 55
	vars_loc : typed_id_list_list . SEMICOLON  (27)

	SEMICOLON  shift 112
	.  error


state 56
	typed_id_list_list : typed_id_list . COMMA typed_id_list_list  (28)
	typed_id_list_list : typed_id_list .  (29)

	COMMA  shift 113
	SEMICOLON  reduce 29


state 57
	ident_list : IDENT COMMA ident_list .  (11)

	.  reduce 11


state 58
	thread_decl : IDENT OBRACK . INT CBRACK  (19)

	INT  shift 114
	.  error


state 59
	thread_decl_list : thread_decl COMMA . thread_decl_list  (17)

	IDENT  shift 20
	.  error

	thread_decl_list  goto 115
	thread_decl  goto 22


state 60
	gen_affect : IDENT LBRACE . arithm_expr_list RBRACE  (75)
	gen_affect : IDENT LBRACE . RBRACE  (76)

	INT  shift 23
	IDENT  shift 62
	PRIMEDVAR  shift 63
	MINUS  shift 26
	LBRACE  shift 64
	RBRACE  shift 116
	.  error

	arithm_expr  goto 117
	primed_express  goto 42
	arithm_expr_list  goto 118


state 61
	gen_affect : PRIMEDVAR EQ . IDENT LBRACE arithm_expr_list RBRACE  (68)
	gen_affect : PRIMEDVAR EQ . IDENT LBRACE RBRACE  (69)
	gen_affect : PRIMEDVAR EQ . arithm_expr  (70)

	INT  shift 23
	IDENT  shift 119
	PRIMEDVAR  shift 63
	MINUS  shift 26
	LBRACE  shift 64
	.  error

	arithm_expr  goto 120
	primed_express  goto 42


state 62
	arithm_expr : IDENT .  (110)

	.  reduce 110


state 63
	primed_express : PRIMEDVAR .  (106)

	.  reduce 106


state 64
	arithm_expr : LBRACE . arithm_expr RBRACE  (112)

	INT  shift 23
	IDENT  shift 62
	PRIMEDVAR  shift 63
	MINUS  shift 26
	LBRACE  shift 64
	.  error

	arithm_expr  goto 121
	primed_express  goto 42


state 65
	arithm_expr : MINUS arithm_expr .  (113)
	arithm_expr : arithm_expr . PLUS arithm_expr  (114)
	arithm_expr : arithm_expr . MINUS arithm_expr  (115)
	arithm_expr : arithm_expr . DIV arithm_expr  (116)
	arithm_expr : arithm_expr . MOD arithm_expr  (117)
	arithm_expr : arithm_expr . TIMES arithm_expr  (118)

	TIMES  shift 80
	PLUS  shift 81
	MINUS  shift 82
	DIV  shift 83
	MOD  shift 84
	LT  reduce 113
	GT  reduce 113
	EQ  reduce 113
	NEQ  reduce 113
	LEQ  reduce 113
	GEQ  reduce 113
	RBRACE  reduce 113
	RBRACK  reduce 113
	SEMICOLON  reduce 113
	COMMA  reduce 113
	BAND  reduce 113
	BOR  reduce 113


66: shift/reduce conflict (shift 122, reduce 106) on RBRACE
state 66
	gen_affect : LBRACE PRIMEDVAR . RBRACE EQ IDENT LBRACE arithm_expr_list RBRACE  (71)
	gen_affect : LBRACE PRIMEDVAR . RBRACE EQ IDENT LBRACE RBRACE  (72)
	primed_express : PRIMEDVAR .  (106)

	RBRACE  shift 122
	TIMES  reduce 106
	PLUS  reduce 106
	MINUS  reduce 106
	DIV  reduce 106
	MOD  reduce 106
	LT  reduce 106
	GT  reduce 106
	EQ  reduce 106
	NEQ  reduce 106
	LEQ  reduce 106
	GEQ  reduce 106
	COMMA  reduce 106


state 67
	pressburg_tree_guards : LBRACE . pressburg_atomic_bool RBRACE  (77)
	pressburg_tree_guards : LBRACE . pressburg_tree_guards RBRACE  (78)
	pressburg_tree_guards : LBRACE . qformula RBRACE  (79)
	arithm_expr : LBRACE . arithm_expr RBRACE  (112)

	INT  shift 23
	IDENT  shift 62
	PRIMEDVAR  shift 63
	MINUS  shift 26
	LBRACE  shift 67
	BTRUE  shift 28
	BFALSE  shift 29
	BNOT  shift 68
	EXISTS  shift 33
	FORALL  shift 34
	.  error

	arithm_expr  goto 69
	pressburg_atomic_bool  goto 123
	pressburg_tree_guards  goto 124
	qformula  goto 125
	primed_express  goto 42


state 68
	pressburg_tree_guards : BNOT . pressburg_tree_guards  (96)
	pressburg_tree_guards : BNOT . pressburg_atomic_bool  (97)

	INT  shift 23
	IDENT  shift 62
	PRIMEDVAR  shift 63
	MINUS  shift 26
	LBRACE  shift 67
	BTRUE  shift 28
	BFALSE  shift 29
	BNOT  shift 68
	EXISTS  shift 33
	FORALL  shift 34
	.  error

	arithm_expr  goto 35
	pressburg_atomic_bool  goto 126
	pressburg_tree_guards  goto 127
	qformula  goto 128
	primed_express  goto 42


state 69
	pressburg_atomic_bool : arithm_expr . GT arithm_expr  (100)
	pressburg_atomic_bool : arithm_expr . LT arithm_expr  (101)
	pressburg_atomic_bool : arithm_expr . GEQ arithm_expr  (102)
	pressburg_atomic_bool : arithm_expr . LEQ arithm_expr  (103)
	pressburg_atomic_bool : arithm_expr . EQ arithm_expr  (104)
	pressburg_atomic_bool : arithm_expr . NEQ arithm_expr  (105)
	arithm_expr : LBRACE arithm_expr . RBRACE  (112)
	arithm_expr : arithm_expr . PLUS arithm_expr  (114)
	arithm_expr : arithm_expr . MINUS arithm_expr  (115)
	arithm_expr : arithm_expr . DIV arithm_expr  (116)
	arithm_expr : arithm_expr . MOD arithm_expr  (117)
	arithm_expr : arithm_expr . TIMES arithm_expr  (118)

	TIMES  shift 80
	PLUS  shift 81
	MINUS  shift 82
	DIV  shift 83
	MOD  shift 84
	LT  shift 85
	GT  shift 86
	EQ  shift 87
	NEQ  shift 88
	LEQ  shift 89
	GEQ  shift 90
	RBRACE  shift 129
	.  error


state 70
	nts_trans_elem : LBRACE pressburg_atomic_bool . RBRACE  (49)
	pressburg_tree_guards : pressburg_atomic_bool . BAND pressburg_atomic_bool  (80)
	pressburg_tree_guards : pressburg_atomic_bool . BAND pressburg_tree_guards  (83)
	pressburg_tree_guards : pressburg_atomic_bool . BAND qformula  (87)
	pressburg_tree_guards : pressburg_atomic_bool . BOR pressburg_atomic_bool  (88)
	pressburg_tree_guards : pressburg_atomic_bool . BOR pressburg_tree_guards  (90)
	pressburg_tree_guards : pressburg_atomic_bool . BOR qformula  (95)

	RBRACE  shift 130
	BAND  shift 131
	BOR  shift 132
	.  error


state 71
	nts_trans_elem : LBRACE pressburg_tree_guards . RBRACE  (50)
	pressburg_tree_guards : pressburg_tree_guards . BAND pressburg_tree_guards  (81)
	pressburg_tree_guards : pressburg_tree_guards . BAND pressburg_atomic_bool  (82)
	pressburg_tree_guards : pressburg_tree_guards . BAND qformula  (86)
	pressburg_tree_guards : pressburg_tree_guards . BOR pressburg_atomic_bool  (89)
	pressburg_tree_guards : pressburg_tree_guards . BOR pressburg_tree_guards  (91)
	pressburg_tree_guards : pressburg_tree_guards . BOR qformula  (94)

	RBRACE  shift 133
	BAND  shift 134
	BOR  shift 135
	.  error


state 72
	nts_trans_elem : LBRACE qformula . RBRACE  (55)
	pressburg_tree_guards : qformula . BAND pressburg_tree_guards  (84)
	pressburg_tree_guards : qformula . BAND pressburg_atomic_bool  (85)
	pressburg_tree_guards : qformula . BOR pressburg_tree_guards  (92)
	pressburg_tree_guards : qformula . BOR pressburg_atomic_bool  (93)

	RBRACE  shift 136
	BAND  shift 137
	BOR  shift 138
	.  error


state 73
	gen_affect : LBRACE primed_var_list . RBRACE EQ IDENT LBRACE arithm_expr_list RBRACE  (73)
	gen_affect : LBRACE primed_var_list . RBRACE EQ IDENT LBRACE RBRACE  (74)

	RBRACE  shift 139
	.  error


state 74
	primed_var_list : primed_express . COMMA primed_var_list  (66)
	primed_var_list : primed_express . COMMA primed_express  (67)
	arithm_expr : primed_express .  (111)

	COMMA  shift 140
	TIMES  reduce 111
	PLUS  reduce 111
	MINUS  reduce 111
	DIV  reduce 111
	MOD  reduce 111
	LT  reduce 111
	GT  reduce 111
	EQ  reduce 111
	NEQ  reduce 111
	LEQ  reduce 111
	GEQ  reduce 111
	RBRACE  reduce 111


state 75
	nts_trans_elem : BNOT LBRACE . pressburg_atomic_bool RBRACE  (47)
	nts_trans_elem : BNOT LBRACE . pressburg_tree_guards RBRACE  (48)
	arithm_expr : LBRACE . arithm_expr RBRACE  (112)

	INT  shift 23
	IDENT  shift 62
	PRIMEDVAR  shift 63
	MINUS  shift 26
	LBRACE  shift 67
	BTRUE  shift 28
	BFALSE  shift 29
	BNOT  shift 68
	EXISTS  shift 33
	FORALL  shift 34
	.  error

	arithm_expr  goto 69
	pressburg_atomic_bool  goto 141
	pressburg_tree_guards  goto 142
	qformula  goto 128
	primed_express  goto 42


state 76
	nts_trans_elem : BNOT pressburg_atomic_bool .  (45)

	.  reduce 45


state 77
	havocise : HAVOC LBRACE . ident_list RBRACE  (119)
	havocise : HAVOC LBRACE . RBRACE  (120)

	IDENT  shift 49
	RBRACE  shift 143
	.  error

	ident_list  goto 144


state 78
	qformula : EXISTS ident_list . COLON INTDECL DOT pressburg_atomic_bool  (56)
	qformula : EXISTS ident_list . COLON INTDECL DOT LBRACE pressburg_tree_guards RBRACE  (57)
	qformula : EXISTS ident_list . COLON INTDECL DOT LBRACE qformula RBRACE  (58)

	COLON  shift 145
	.  error


state 79
	qformula : FORALL ident_list . COLON INTDECL DOT pressburg_atomic_bool  (59)
	qformula : FORALL ident_list . COLON INTDECL DOT LBRACE pressburg_tree_guards RBRACE  (60)
	qformula : FORALL ident_list . COLON INTDECL DOT LBRACE qformula RBRACE  (61)

	COLON  shift 146
	.  error


state 80
	arithm_expr : arithm_expr TIMES . arithm_expr  (118)

	INT  shift 23
	IDENT  shift 62
	PRIMEDVAR  shift 63
	MINUS  shift 26
	LBRACE  shift 64
	.  error

	arithm_expr  goto 147
	primed_express  goto 42


state 81
	arithm_expr : arithm_expr PLUS . arithm_expr  (114)

	INT  shift 23
	IDENT  shift 62
	PRIMEDVAR  shift 63
	MINUS  shift 26
	LBRACE  shift 64
	.  error

	arithm_expr  goto 148
	primed_express  goto 42


state 82
	arithm_expr : arithm_expr MINUS . arithm_expr  (115)

	INT  shift 23
	IDENT  shift 62
	PRIMEDVAR  shift 63
	MINUS  shift 26
	LBRACE  shift 64
	.  error

	arithm_expr  goto 149
	primed_express  goto 42


state 83
	arithm_expr : arithm_expr DIV . arithm_expr  (116)

	INT  shift 23
	IDENT  shift 62
	PRIMEDVAR  shift 63
	MINUS  shift 26
	LBRACE  shift 64
	.  error

	arithm_expr  goto 150
	primed_express  goto 42


state 84
	arithm_expr : arithm_expr MOD . arithm_expr  (117)

	INT  shift 23
	IDENT  shift 62
	PRIMEDVAR  shift 63
	MINUS  shift 26
	LBRACE  shift 64
	.  error

	arithm_expr  goto 151
	primed_express  goto 42


state 85
	pressburg_atomic_bool : arithm_expr LT . arithm_expr  (101)

	INT  shift 23
	IDENT  shift 62
	PRIMEDVAR  shift 63
	MINUS  shift 26
	LBRACE  shift 64
	.  error

	arithm_expr  goto 152
	primed_express  goto 42


state 86
	pressburg_atomic_bool : arithm_expr GT . arithm_expr  (100)

	INT  shift 23
	IDENT  shift 62
	PRIMEDVAR  shift 63
	MINUS  shift 26
	LBRACE  shift 64
	.  error

	arithm_expr  goto 153
	primed_express  goto 42


state 87
	pressburg_atomic_bool : arithm_expr EQ . arithm_expr  (104)

	INT  shift 23
	IDENT  shift 62
	PRIMEDVAR  shift 63
	MINUS  shift 26
	LBRACE  shift 64
	.  error

	arithm_expr  goto 154
	primed_express  goto 42


state 88
	pressburg_atomic_bool : arithm_expr NEQ . arithm_expr  (105)

	INT  shift 23
	IDENT  shift 62
	PRIMEDVAR  shift 63
	MINUS  shift 26
	LBRACE  shift 64
	.  error

	arithm_expr  goto 155
	primed_express  goto 42


state 89
	pressburg_atomic_bool : arithm_expr LEQ . arithm_expr  (103)

	INT  shift 23
	IDENT  shift 62
	PRIMEDVAR  shift 63
	MINUS  shift 26
	LBRACE  shift 64
	.  error

	arithm_expr  goto 156
	primed_express  goto 42


state 90
	pressburg_atomic_bool : arithm_expr GEQ . arithm_expr  (102)

	INT  shift 23
	IDENT  shift 62
	PRIMEDVAR  shift 63
	MINUS  shift 26
	LBRACE  shift 64
	.  error

	arithm_expr  goto 157
	primed_express  goto 42


state 91
	nts_trans_split_prec : nts_trans_elem BAND . nts_trans_split_prec  (63)

	INT  shift 23
	IDENT  shift 24
	PRIMEDVAR  shift 25
	MINUS  shift 26
	LBRACE  shift 27
	BTRUE  shift 28
	BFALSE  shift 29
	BOR  shift 30
	BNOT  shift 31
	HAVOC  shift 32
	EXISTS  shift 33
	FORALL  shift 34
	.  error

	arithm_expr  goto 35
	nts_trans_split_prec  goto 158
	nts_trans_elem  goto 37
	pressburg_atomic_bool  goto 38
	gen_affect  goto 39
	havocise  goto 40
	qformula  goto 41
	primed_express  goto 42


state 92
	nts_trans_split_prec : nts_trans_elem BOR . nts_trans_split_prec  (62)

	INT  shift 23
	IDENT  shift 24
	PRIMEDVAR  shift 25
	MINUS  shift 26
	LBRACE  shift 27
	BTRUE  shift 28
	BFALSE  shift 29
	BOR  shift 30
	BNOT  shift 31
	HAVOC  shift 32
	EXISTS  shift 33
	FORALL  shift 34
	.  error

	arithm_expr  goto 35
	nts_trans_split_prec  goto 159
	nts_trans_elem  goto 37
	pressburg_atomic_bool  goto 38
	gen_affect  goto 39
	havocise  goto 40
	qformula  goto 41
	primed_express  goto 42


state 93
	comma_sep_header_list : gvars_decl SEMICOLON comma_sep_header_list .  (4)

	.  reduce 4


state 94
	comma_sep_header_list : gvars_decl SEMICOLON decl_sequence .  (3)

	.  reduce 3


state 95
	comma_sep_header_list : gvars_initial_conditions SEMICOLON comma_sep_header_list .  (5)

	.  reduce 5


state 96
	comma_sep_header_list : gvars_initial_conditions SEMICOLON decl_sequence .  (6)

	.  reduce 6


state 97
	comma_sep_header_list : thread_declaration SEMICOLON comma_sep_header_list .  (8)

	.  reduce 8


state 98
	comma_sep_header_list : thread_declaration SEMICOLON decl_sequence .  (7)

	.  reduce 7


state 99
	gvars_decl : ident_list COLON INTDECL .  (12)

	.  reduce 12


state 100
	gvars_decl : ident_list COLON NATDECL . SEMICOLON  (14)

	SEMICOLON  shift 160
	.  error


state 101
	gvars_decl : ident_list COLON REALDECL . SEMICOLON  (13)

	SEMICOLON  shift 161
	.  error


state 102
	gvars_decl : ident_list COLON BOOLDECL . SEMICOLON  (15)

	SEMICOLON  shift 162
	.  error


state 103
	vars_loc : INPUTVARLIST typed_id_list_list . SEMICOLON  (25)

	SEMICOLON  shift 163
	.  error


state 104
	vars_loc : OUTPUTVARLIST typed_id_list_list . SEMICOLON  (26)

	SEMICOLON  shift 164
	.  error


state 105
	typed_id_list : ident_list COLON . INTDECL  (30)
	typed_id_list : ident_list COLON . NATDECL  (31)
	typed_id_list : ident_list COLON . REALDECL  (32)
	typed_id_list : ident_list COLON . BOOLDECL  (33)

	INTDECL  shift 165
	NATDECL  shift 166
	REALDECL  shift 167
	BOOLDECL  shift 168
	.  error


state 106
	cautomaton_state : INITSTATE . ident_list SEMICOLON  (42)

	IDENT  shift 49
	.  error

	ident_list  goto 169


state 107
	cautomaton_state : FINALSTATE . ident_list SEMICOLON  (43)

	IDENT  shift 49
	.  error

	ident_list  goto 170


state 108
	cautomaton_state : ERRORSTATE . ident_list SEMICOLON  (44)

	IDENT  shift 49
	.  error

	ident_list  goto 171


state 109
	decl_automata : IDENT LBRACK vars_automaton states_list . transitions_list RBRACK  (22)

	IDENT  shift 172
	.  error

	transitions_list  goto 173
	transitions  goto 174


state 110
	states_list : cautomaton_state . states_list  (40)
	states_list : cautomaton_state .  (41)

	INITSTATE  shift 106
	FINALSTATE  shift 107
	ERRORSTATE  shift 108
	IDENT  reduce 41

	states_list  goto 175
	cautomaton_state  goto 110


state 111
	vars_automaton : vars_loc vars_automaton .  (23)

	.  reduce 23


state 112
	vars_loc : typed_id_list_list SEMICOLON .  (27)

	.  reduce 27


state 113
	typed_id_list_list : typed_id_list COMMA . typed_id_list_list  (28)

	IDENT  shift 49
	.  error

	ident_list  goto 52
	typed_id_list_list  goto 176
	typed_id_list  goto 56


state 114
	thread_decl : IDENT OBRACK INT . CBRACK  (19)

	CBRACK  shift 177
	.  error


state 115
	thread_decl_list : thread_decl COMMA thread_decl_list .  (17)

	.  reduce 17


state 116
	gen_affect : IDENT LBRACE RBRACE .  (76)

	.  reduce 76


state 117
	arithm_expr_list : arithm_expr .  (107)
	arithm_expr_list : arithm_expr . COMMA arithm_expr_list  (108)
	arithm_expr : arithm_expr . PLUS arithm_expr  (114)
	arithm_expr : arithm_expr . MINUS arithm_expr  (115)
	arithm_expr : arithm_expr . DIV arithm_expr  (116)
	arithm_expr : arithm_expr . MOD arithm_expr  (117)
	arithm_expr : arithm_expr . TIMES arithm_expr  (118)

	TIMES  shift 80
	PLUS  shift 81
	MINUS  shift 82
	DIV  shift 83
	MOD  shift 84
	COMMA  shift 178
	RBRACE  reduce 107


state 118
	gen_affect : IDENT LBRACE arithm_expr_list . RBRACE  (75)

	RBRACE  shift 179
	.  error


state 119
	gen_affect : PRIMEDVAR EQ IDENT . LBRACE arithm_expr_list RBRACE  (68)
	gen_affect : PRIMEDVAR EQ IDENT . LBRACE RBRACE  (69)
	arithm_expr : IDENT .  (110)

	LBRACE  shift 180
	TIMES  reduce 110
	PLUS  reduce 110
	MINUS  reduce 110
	DIV  reduce 110
	MOD  reduce 110
	RBRACK  reduce 110
	SEMICOLON  reduce 110
	BAND  reduce 110
	BOR  reduce 110


state 120
	gen_affect : PRIMEDVAR EQ arithm_expr .  (70)
	arithm_expr : arithm_expr . PLUS arithm_expr  (114)
	arithm_expr : arithm_expr . MINUS arithm_expr  (115)
	arithm_expr : arithm_expr . DIV arithm_expr  (116)
	arithm_expr : arithm_expr . MOD arithm_expr  (117)
	arithm_expr : arithm_expr . TIMES arithm_expr  (118)

	TIMES  shift 80
	PLUS  shift 81
	MINUS  shift 82
	DIV  shift 83
	MOD  shift 84
	RBRACK  reduce 70
	SEMICOLON  reduce 70
	BAND  reduce 70
	BOR  reduce 70


state 121
	arithm_expr : LBRACE arithm_expr . RBRACE  (112)
	arithm_expr : arithm_expr . PLUS arithm_expr  (114)
	arithm_expr : arithm_expr . MINUS arithm_expr  (115)
	arithm_expr : arithm_expr . DIV arithm_expr  (116)
	arithm_expr : arithm_expr . MOD arithm_expr  (117)
	arithm_expr : arithm_expr . TIMES arithm_expr  (118)

	TIMES  shift 80
	PLUS  shift 81
	MINUS  shift 82
	DIV  shift 83
	MOD  shift 84
	RBRACE  shift 129
	.  error


state 122
	gen_affect : LBRACE PRIMEDVAR RBRACE . EQ IDENT LBRACE arithm_expr_list RBRACE  (71)
	gen_affect : LBRACE PRIMEDVAR RBRACE . EQ IDENT LBRACE RBRACE  (72)

	EQ  shift 181
	.  error


state 123
	pressburg_tree_guards : LBRACE pressburg_atomic_bool . RBRACE  (77)
	pressburg_tree_guards : pressburg_atomic_bool . BAND pressburg_atomic_bool  (80)
	pressburg_tree_guards : pressburg_atomic_bool . BAND pressburg_tree_guards  (83)
	pressburg_tree_guards : pressburg_atomic_bool . BAND qformula  (87)
	pressburg_tree_guards : pressburg_atomic_bool . BOR pressburg_atomic_bool  (88)
	pressburg_tree_guards : pressburg_atomic_bool . BOR pressburg_tree_guards  (90)
	pressburg_tree_guards : pressburg_atomic_bool . BOR qformula  (95)

	RBRACE  shift 182
	BAND  shift 131
	BOR  shift 132
	.  error


state 124
	pressburg_tree_guards : LBRACE pressburg_tree_guards . RBRACE  (78)
	pressburg_tree_guards : pressburg_tree_guards . BAND pressburg_tree_guards  (81)
	pressburg_tree_guards : pressburg_tree_guards . BAND pressburg_atomic_bool  (82)
	pressburg_tree_guards : pressburg_tree_guards . BAND qformula  (86)
	pressburg_tree_guards : pressburg_tree_guards . BOR pressburg_atomic_bool  (89)
	pressburg_tree_guards : pressburg_tree_guards . BOR pressburg_tree_guards  (91)
	pressburg_tree_guards : pressburg_tree_guards . BOR qformula  (94)

	RBRACE  shift 183
	BAND  shift 134
	BOR  shift 135
	.  error


state 125
	pressburg_tree_guards : LBRACE qformula . RBRACE  (79)
	pressburg_tree_guards : qformula . BAND pressburg_tree_guards  (84)
	pressburg_tree_guards : qformula . BAND pressburg_atomic_bool  (85)
	pressburg_tree_guards : qformula . BOR pressburg_tree_guards  (92)
	pressburg_tree_guards : qformula . BOR pressburg_atomic_bool  (93)

	RBRACE  shift 184
	BAND  shift 137
	BOR  shift 138
	.  error


state 126
	pressburg_tree_guards : pressburg_atomic_bool . BAND pressburg_atomic_bool  (80)
	pressburg_tree_guards : pressburg_atomic_bool . BAND pressburg_tree_guards  (83)
	pressburg_tree_guards : pressburg_atomic_bool . BAND qformula  (87)
	pressburg_tree_guards : pressburg_atomic_bool . BOR pressburg_atomic_bool  (88)
	pressburg_tree_guards : pressburg_atomic_bool . BOR pressburg_tree_guards  (90)
	pressburg_tree_guards : pressburg_atomic_bool . BOR qformula  (95)
	pressburg_tree_guards : BNOT pressburg_atomic_bool .  (97)

	.  reduce 97


state 127
	pressburg_tree_guards : pressburg_tree_guards . BAND pressburg_tree_guards  (81)
	pressburg_tree_guards : pressburg_tree_guards . BAND pressburg_atomic_bool  (82)
	pressburg_tree_guards : pressburg_tree_guards . BAND qformula  (86)
	pressburg_tree_guards : pressburg_tree_guards . BOR pressburg_atomic_bool  (89)
	pressburg_tree_guards : pressburg_tree_guards . BOR pressburg_tree_guards  (91)
	pressburg_tree_guards : pressburg_tree_guards . BOR qformula  (94)
	pressburg_tree_guards : BNOT pressburg_tree_guards .  (96)

	.  reduce 96


state 128
	pressburg_tree_guards : qformula . BAND pressburg_tree_guards  (84)
	pressburg_tree_guards : qformula . BAND pressburg_atomic_bool  (85)
	pressburg_tree_guards : qformula . BOR pressburg_tree_guards  (92)
	pressburg_tree_guards : qformula . BOR pressburg_atomic_bool  (93)

	BAND  shift 137
	BOR  shift 138
	.  error


state 129
	arithm_expr : LBRACE arithm_expr RBRACE .  (112)

	.  reduce 112


state 130
	nts_trans_elem : LBRACE pressburg_atomic_bool RBRACE .  (49)

	.  reduce 49


state 131
	pressburg_tree_guards : pressburg_atomic_bool BAND . pressburg_atomic_bool  (80)
	pressburg_tree_guards : pressburg_atomic_bool BAND . pressburg_tree_guards  (83)
	pressburg_tree_guards : pressburg_atomic_bool BAND . qformula  (87)

	INT  shift 23
	IDENT  shift 62
	PRIMEDVAR  shift 63
	MINUS  shift 26
	LBRACE  shift 67
	BTRUE  shift 28
	BFALSE  shift 29
	BNOT  shift 68
	EXISTS  shift 33
	FORALL  shift 34
	.  error

	arithm_expr  goto 35
	pressburg_atomic_bool  goto 185
	pressburg_tree_guards  goto 186
	qformula  goto 187
	primed_express  goto 42


state 132
	pressburg_tree_guards : pressburg_atomic_bool BOR . pressburg_atomic_bool  (88)
	pressburg_tree_guards : pressburg_atomic_bool BOR . pressburg_tree_guards  (90)
	pressburg_tree_guards : pressburg_atomic_bool BOR . qformula  (95)

	INT  shift 23
	IDENT  shift 62
	PRIMEDVAR  shift 63
	MINUS  shift 26
	LBRACE  shift 67
	BTRUE  shift 28
	BFALSE  shift 29
	BNOT  shift 68
	EXISTS  shift 33
	FORALL  shift 34
	.  error

	arithm_expr  goto 35
	pressburg_atomic_bool  goto 188
	pressburg_tree_guards  goto 189
	qformula  goto 190
	primed_express  goto 42


state 133
	nts_trans_elem : LBRACE pressburg_tree_guards RBRACE .  (50)

	.  reduce 50


state 134
	pressburg_tree_guards : pressburg_tree_guards BAND . pressburg_tree_guards  (81)
	pressburg_tree_guards : pressburg_tree_guards BAND . pressburg_atomic_bool  (82)
	pressburg_tree_guards : pressburg_tree_guards BAND . qformula  (86)

	INT  shift 23
	IDENT  shift 62
	PRIMEDVAR  shift 63
	MINUS  shift 26
	LBRACE  shift 67
	BTRUE  shift 28
	BFALSE  shift 29
	BNOT  shift 68
	EXISTS  shift 33
	FORALL  shift 34
	.  error

	arithm_expr  goto 35
	pressburg_atomic_bool  goto 191
	pressburg_tree_guards  goto 192
	qformula  goto 193
	primed_express  goto 42


state 135
	pressburg_tree_guards : pressburg_tree_guards BOR . pressburg_atomic_bool  (89)
	pressburg_tree_guards : pressburg_tree_guards BOR . pressburg_tree_guards  (91)
	pressburg_tree_guards : pressburg_tree_guards BOR . qformula  (94)

	INT  shift 23
	IDENT  shift 62
	PRIMEDVAR  shift 63
	MINUS  shift 26
	LBRACE  shift 67
	BTRUE  shift 28
	BFALSE  shift 29
	BNOT  shift 68
	EXISTS  shift 33
	FORALL  shift 34
	.  error

	arithm_expr  goto 35
	pressburg_atomic_bool  goto 194
	pressburg_tree_guards  goto 195
	qformula  goto 196
	primed_express  goto 42


state 136
	nts_trans_elem : LBRACE qformula RBRACE .  (55)

	.  reduce 55


state 137
	pressburg_tree_guards : qformula BAND . pressburg_tree_guards  (84)
	pressburg_tree_guards : qformula BAND . pressburg_atomic_bool  (85)

	INT  shift 23
	IDENT  shift 62
	PRIMEDVAR  shift 63
	MINUS  shift 26
	LBRACE  shift 67
	BTRUE  shift 28
	BFALSE  shift 29
	BNOT  shift 68
	EXISTS  shift 33
	FORALL  shift 34
	.  error

	arithm_expr  goto 35
	pressburg_atomic_bool  goto 197
	pressburg_tree_guards  goto 198
	qformula  goto 128
	primed_express  goto 42


state 138
	pressburg_tree_guards : qformula BOR . pressburg_tree_guards  (92)
	pressburg_tree_guards : qformula BOR . pressburg_atomic_bool  (93)

	INT  shift 23
	IDENT  shift 62
	PRIMEDVAR  shift 63
	MINUS  shift 26
	LBRACE  shift 67
	BTRUE  shift 28
	BFALSE  shift 29
	BNOT  shift 68
	EXISTS  shift 33
	FORALL  shift 34
	.  error

	arithm_expr  goto 35
	pressburg_atomic_bool  goto 199
	pressburg_tree_guards  goto 200
	qformula  goto 128
	primed_express  goto 42


state 139
	gen_affect : LBRACE primed_var_list RBRACE . EQ IDENT LBRACE arithm_expr_list RBRACE  (73)
	gen_affect : LBRACE primed_var_list RBRACE . EQ IDENT LBRACE RBRACE  (74)

	EQ  shift 201
	.  error


state 140
	primed_var_list : primed_express COMMA . primed_var_list  (66)
	primed_var_list : primed_express COMMA . primed_express  (67)

	PRIMEDVAR  shift 63
	.  error

	primed_var_list  goto 202
	primed_express  goto 203


state 141
	nts_trans_elem : BNOT LBRACE pressburg_atomic_bool . RBRACE  (47)
	pressburg_tree_guards : pressburg_atomic_bool . BAND pressburg_atomic_bool  (80)
	pressburg_tree_guards : pressburg_atomic_bool . BAND pressburg_tree_guards  (83)
	pressburg_tree_guards : pressburg_atomic_bool . BAND qformula  (87)
	pressburg_tree_guards : pressburg_atomic_bool . BOR pressburg_atomic_bool  (88)
	pressburg_tree_guards : pressburg_atomic_bool . BOR pressburg_tree_guards  (90)
	pressburg_tree_guards : pressburg_atomic_bool . BOR qformula  (95)

	RBRACE  shift 204
	BAND  shift 131
	BOR  shift 132
	.  error


state 142
	nts_trans_elem : BNOT LBRACE pressburg_tree_guards . RBRACE  (48)
	pressburg_tree_guards : pressburg_tree_guards . BAND pressburg_tree_guards  (81)
	pressburg_tree_guards : pressburg_tree_guards . BAND pressburg_atomic_bool  (82)
	pressburg_tree_guards : pressburg_tree_guards . BAND qformula  (86)
	pressburg_tree_guards : pressburg_tree_guards . BOR pressburg_atomic_bool  (89)
	pressburg_tree_guards : pressburg_tree_guards . BOR pressburg_tree_guards  (91)
	pressburg_tree_guards : pressburg_tree_guards . BOR qformula  (94)

	RBRACE  shift 205
	BAND  shift 134
	BOR  shift 135
	.  error


state 143
	havocise : HAVOC LBRACE RBRACE .  (120)

	.  reduce 120


state 144
	havocise : HAVOC LBRACE ident_list . RBRACE  (119)

	RBRACE  shift 206
	.  error


state 145
	qformula : EXISTS ident_list COLON . INTDECL DOT pressburg_atomic_bool  (56)
	qformula : EXISTS ident_list COLON . INTDECL DOT LBRACE pressburg_tree_guards RBRACE  (57)
	qformula : EXISTS ident_list COLON . INTDECL DOT LBRACE qformula RBRACE  (58)

	INTDECL  shift 207
	.  error


state 146
	qformula : FORALL ident_list COLON . INTDECL DOT pressburg_atomic_bool  (59)
	qformula : FORALL ident_list COLON . INTDECL DOT LBRACE pressburg_tree_guards RBRACE  (60)
	qformula : FORALL ident_list COLON . INTDECL DOT LBRACE qformula RBRACE  (61)

	INTDECL  shift 208
	.  error


state 147
	arithm_expr : arithm_expr . PLUS arithm_expr  (114)
	arithm_expr : arithm_expr . MINUS arithm_expr  (115)
	arithm_expr : arithm_expr . DIV arithm_expr  (116)
	arithm_expr : arithm_expr . MOD arithm_expr  (117)
	arithm_expr : arithm_expr . TIMES arithm_expr  (118)
	arithm_expr : arithm_expr TIMES arithm_expr .  (118)

	.  reduce 118


state 148
	arithm_expr : arithm_expr . PLUS arithm_expr  (114)
	arithm_expr : arithm_expr PLUS arithm_expr .  (114)
	arithm_expr : arithm_expr . MINUS arithm_expr  (115)
	arithm_expr : arithm_expr . DIV arithm_expr  (116)
	arithm_expr : arithm_expr . MOD arithm_expr  (117)
	arithm_expr : arithm_expr . TIMES arithm_expr  (118)

	TIMES  shift 80
	DIV  shift 83
	MOD  shift 84
	PLUS  reduce 114
	MINUS  reduce 114
	LT  reduce 114
	GT  reduce 114
	EQ  reduce 114
	NEQ  reduce 114
	LEQ  reduce 114
	GEQ  reduce 114
	RBRACE  reduce 114
	RBRACK  reduce 114
	SEMICOLON  reduce 114
	COMMA  reduce 114
	BAND  reduce 114
	BOR  reduce 114


state 149
	arithm_expr : arithm_expr . PLUS arithm_expr  (114)
	arithm_expr : arithm_expr . MINUS arithm_expr  (115)
	arithm_expr : arithm_expr MINUS arithm_expr .  (115)
	arithm_expr : arithm_expr . DIV arithm_expr  (116)
	arithm_expr : arithm_expr . MOD arithm_expr  (117)
	arithm_expr : arithm_expr . TIMES arithm_expr  (118)

	TIMES  shift 80
	DIV  shift 83
	MOD  shift 84
	PLUS  reduce 115
	MINUS  reduce 115
	LT  reduce 115
	GT  reduce 115
	EQ  reduce 115
	NEQ  reduce 115
	LEQ  reduce 115
	GEQ  reduce 115
	RBRACE  reduce 115
	RBRACK  reduce 115
	SEMICOLON  reduce 115
	COMMA  reduce 115
	BAND  reduce 115
	BOR  reduce 115


state 150
	arithm_expr : arithm_expr . PLUS arithm_expr  (114)
	arithm_expr : arithm_expr . MINUS arithm_expr  (115)
	arithm_expr : arithm_expr . DIV arithm_expr  (116)
	arithm_expr : arithm_expr DIV arithm_expr .  (116)
	arithm_expr : arithm_expr . MOD arithm_expr  (117)
	arithm_expr : arithm_expr . TIMES arithm_expr  (118)

	.  reduce 116


state 151
	arithm_expr : arithm_expr . PLUS arithm_expr  (114)
	arithm_expr : arithm_expr . MINUS arithm_expr  (115)
	arithm_expr : arithm_expr . DIV arithm_expr  (116)
	arithm_expr : arithm_expr . MOD arithm_expr  (117)
	arithm_expr : arithm_expr MOD arithm_expr .  (117)
	arithm_expr : arithm_expr . TIMES arithm_expr  (118)

	.  reduce 117


state 152
	pressburg_atomic_bool : arithm_expr LT arithm_expr .  (101)
	arithm_expr : arithm_expr . PLUS arithm_expr  (114)
	arithm_expr : arithm_expr . MINUS arithm_expr  (115)
	arithm_expr : arithm_expr . DIV arithm_expr  (116)
	arithm_expr : arithm_expr . MOD arithm_expr  (117)
	arithm_expr : arithm_expr . TIMES arithm_expr  (118)

	TIMES  shift 80
	PLUS  shift 81
	MINUS  shift 82
	DIV  shift 83
	MOD  shift 84
	RBRACE  reduce 101
	RBRACK  reduce 101
	SEMICOLON  reduce 101
	BAND  reduce 101
	BOR  reduce 101


state 153
	pressburg_atomic_bool : arithm_expr GT arithm_expr .  (100)
	arithm_expr : arithm_expr . PLUS arithm_expr  (114)
	arithm_expr : arithm_expr . MINUS arithm_expr  (115)
	arithm_expr : arithm_expr . DIV arithm_expr  (116)
	arithm_expr : arithm_expr . MOD arithm_expr  (117)
	arithm_expr : arithm_expr . TIMES arithm_expr  (118)

	TIMES  shift 80
	PLUS  shift 81
	MINUS  shift 82
	DIV  shift 83
	MOD  shift 84
	RBRACE  reduce 100
	RBRACK  reduce 100
	SEMICOLON  reduce 100
	BAND  reduce 100
	BOR  reduce 100


state 154
	pressburg_atomic_bool : arithm_expr EQ arithm_expr .  (104)
	arithm_expr : arithm_expr . PLUS arithm_expr  (114)
	arithm_expr : arithm_expr . MINUS arithm_expr  (115)
	arithm_expr : arithm_expr . DIV arithm_expr  (116)
	arithm_expr : arithm_expr . MOD arithm_expr  (117)
	arithm_expr : arithm_expr . TIMES arithm_expr  (118)

	TIMES  shift 80
	PLUS  shift 81
	MINUS  shift 82
	DIV  shift 83
	MOD  shift 84
	RBRACE  reduce 104
	RBRACK  reduce 104
	SEMICOLON  reduce 104
	BAND  reduce 104
	BOR  reduce 104


state 155
	pressburg_atomic_bool : arithm_expr NEQ arithm_expr .  (105)
	arithm_expr : arithm_expr . PLUS arithm_expr  (114)
	arithm_expr : arithm_expr . MINUS arithm_expr  (115)
	arithm_expr : arithm_expr . DIV arithm_expr  (116)
	arithm_expr : arithm_expr . MOD arithm_expr  (117)
	arithm_expr : arithm_expr . TIMES arithm_expr  (118)

	TIMES  shift 80
	PLUS  shift 81
	MINUS  shift 82
	DIV  shift 83
	MOD  shift 84
	RBRACE  reduce 105
	RBRACK  reduce 105
	SEMICOLON  reduce 105
	BAND  reduce 105
	BOR  reduce 105


state 156
	pressburg_atomic_bool : arithm_expr LEQ arithm_expr .  (103)
	arithm_expr : arithm_expr . PLUS arithm_expr  (114)
	arithm_expr : arithm_expr . MINUS arithm_expr  (115)
	arithm_expr : arithm_expr . DIV arithm_expr  (116)
	arithm_expr : arithm_expr . MOD arithm_expr  (117)
	arithm_expr : arithm_expr . TIMES arithm_expr  (118)

	TIMES  shift 80
	PLUS  shift 81
	MINUS  shift 82
	DIV  shift 83
	MOD  shift 84
	RBRACE  reduce 103
	RBRACK  reduce 103
	SEMICOLON  reduce 103
	BAND  reduce 103
	BOR  reduce 103


state 157
	pressburg_atomic_bool : arithm_expr GEQ arithm_expr .  (102)
	arithm_expr : arithm_expr . PLUS arithm_expr  (114)
	arithm_expr : arithm_expr . MINUS arithm_expr  (115)
	arithm_expr : arithm_expr . DIV arithm_expr  (116)
	arithm_expr : arithm_expr . MOD arithm_expr  (117)
	arithm_expr : arithm_expr . TIMES arithm_expr  (118)

	TIMES  shift 80
	PLUS  shift 81
	MINUS  shift 82
	DIV  shift 83
	MOD  shift 84
	RBRACE  reduce 102
	RBRACK  reduce 102
	SEMICOLON  reduce 102
	BAND  reduce 102
	BOR  reduce 102


state 158
	nts_trans_split_prec : nts_trans_elem BAND nts_trans_split_prec .  (63)

	.  reduce 63


state 159
	nts_trans_split_prec : nts_trans_elem BOR nts_trans_split_prec .  (62)

	.  reduce 62


state 160
	gvars_decl : ident_list COLON NATDECL SEMICOLON .  (14)

	.  reduce 14


state 161
	gvars_decl : ident_list COLON REALDECL SEMICOLON .  (13)

	.  reduce 13


state 162
	gvars_decl : ident_list COLON BOOLDECL SEMICOLON .  (15)

	.  reduce 15


state 163
	vars_loc : INPUTVARLIST typed_id_list_list SEMICOLON .  (25)

	.  reduce 25


state 164
	vars_loc : OUTPUTVARLIST typed_id_list_list SEMICOLON .  (26)

	.  reduce 26


state 165
	typed_id_list : ident_list COLON INTDECL .  (30)

	.  reduce 30


state 166
	typed_id_list : ident_list COLON NATDECL .  (31)

	.  reduce 31


state 167
	typed_id_list : ident_list COLON REALDECL .  (32)

	.  reduce 32


state 168
	typed_id_list : ident_list COLON BOOLDECL .  (33)

	.  reduce 33


state 169
	cautomaton_state : INITSTATE ident_list . SEMICOLON  (42)

	SEMICOLON  shift 209
	.  error


state 170
	cautomaton_state : FINALSTATE ident_list . SEMICOLON  (43)

	SEMICOLON  shift 210
	.  error


state 171
	cautomaton_state : ERRORSTATE ident_list . SEMICOLON  (44)

	SEMICOLON  shift 211
	.  error


state 172
	transitions : IDENT . ARROW IDENT LBRACK RBRACK  (36)
	transitions : IDENT . ARROW IDENT LBRACK nts_trans_split RBRACK  (37)
	transitions : IDENT . COLON IDENT ARROW IDENT LBRACK nts_trans_split RBRACK  (38)
	transitions : IDENT . COLON IDENT ARROW IDENT LBRACK RBRACK  (39)

	COLON  shift 212
	ARROW  shift 213
	.  error


state 173
	decl_automata : IDENT LBRACK vars_automaton states_list transitions_list . RBRACK  (22)

	RBRACK  shift 214
	.  error


state 174
	transitions_list : transitions . transitions_list  (34)
	transitions_list : transitions .  (35)

	IDENT  shift 172
	RBRACK  reduce 35

	transitions_list  goto 215
	transitions  goto 174


state 175
	states_list : cautomaton_state states_list .  (40)

	.  reduce 40


state 176
	typed_id_list_list : typed_id_list COMMA typed_id_list_list .  (28)

	.  reduce 28


state 177
	thread_decl : IDENT OBRACK INT CBRACK .  (19)

	.  reduce 19


state 178
	arithm_expr_list : arithm_expr COMMA . arithm_expr_list  (108)

	INT  shift 23
	IDENT  shift 62
	PRIMEDVAR  shift 63
	MINUS  shift 26
	LBRACE  shift 64
	.  error

	arithm_expr  goto 117
	primed_express  goto 42
	arithm_expr_list  goto 216


state 179
	gen_affect : IDENT LBRACE arithm_expr_list RBRACE .  (75)

	.  reduce 75


state 180
	gen_affect : PRIMEDVAR EQ IDENT LBRACE . arithm_expr_list RBRACE  (68)
	gen_affect : PRIMEDVAR EQ IDENT LBRACE . RBRACE  (69)

	INT  shift 23
	IDENT  shift 62
	PRIMEDVAR  shift 63
	MINUS  shift 26
	LBRACE  shift 64
	RBRACE  shift 217
	.  error

	arithm_expr  goto 117
	primed_express  goto 42
	arithm_expr_list  goto 218


state 181
	gen_affect : LBRACE PRIMEDVAR RBRACE EQ . IDENT LBRACE arithm_expr_list RBRACE  (71)
	gen_affect : LBRACE PRIMEDVAR RBRACE EQ . IDENT LBRACE RBRACE  (72)

	IDENT  shift 219
	.  error


state 182
	pressburg_tree_guards : LBRACE pressburg_atomic_bool RBRACE .  (77)

	.  reduce 77


state 183
	pressburg_tree_guards : LBRACE pressburg_tree_guards RBRACE .  (78)

	.  reduce 78


state 184
	pressburg_tree_guards : LBRACE qformula RBRACE .  (79)

	.  reduce 79


state 185
	pressburg_tree_guards : pressburg_atomic_bool . BAND pressburg_atomic_bool  (80)
	pressburg_tree_guards : pressburg_atomic_bool BAND pressburg_atomic_bool .  (80)
	pressburg_tree_guards : pressburg_atomic_bool . BAND pressburg_tree_guards  (83)
	pressburg_tree_guards : pressburg_atomic_bool . BAND qformula  (87)
	pressburg_tree_guards : pressburg_atomic_bool . BOR pressburg_atomic_bool  (88)
	pressburg_tree_guards : pressburg_atomic_bool . BOR pressburg_tree_guards  (90)
	pressburg_tree_guards : pressburg_atomic_bool . BOR qformula  (95)

	.  reduce 80


state 186
	pressburg_tree_guards : pressburg_tree_guards . BAND pressburg_tree_guards  (81)
	pressburg_tree_guards : pressburg_tree_guards . BAND pressburg_atomic_bool  (82)
	pressburg_tree_guards : pressburg_atomic_bool BAND pressburg_tree_guards .  (83)
	pressburg_tree_guards : pressburg_tree_guards . BAND qformula  (86)
	pressburg_tree_guards : pressburg_tree_guards . BOR pressburg_atomic_bool  (89)
	pressburg_tree_guards : pressburg_tree_guards . BOR pressburg_tree_guards  (91)
	pressburg_tree_guards : pressburg_tree_guards . BOR qformula  (94)

	.  reduce 83


state 187
	pressburg_tree_guards : qformula . BAND pressburg_tree_guards  (84)
	pressburg_tree_guards : qformula . BAND pressburg_atomic_bool  (85)
	pressburg_tree_guards : pressburg_atomic_bool BAND qformula .  (87)
	pressburg_tree_guards : qformula . BOR pressburg_tree_guards  (92)
	pressburg_tree_guards : qformula . BOR pressburg_atomic_bool  (93)

	.  reduce 87


state 188
	pressburg_tree_guards : pressburg_atomic_bool . BAND pressburg_atomic_bool  (80)
	pressburg_tree_guards : pressburg_atomic_bool . BAND pressburg_tree_guards  (83)
	pressburg_tree_guards : pressburg_atomic_bool . BAND qformula  (87)
	pressburg_tree_guards : pressburg_atomic_bool . BOR pressburg_atomic_bool  (88)
	pressburg_tree_guards : pressburg_atomic_bool BOR pressburg_atomic_bool .  (88)
	pressburg_tree_guards : pressburg_atomic_bool . BOR pressburg_tree_guards  (90)
	pressburg_tree_guards : pressburg_atomic_bool . BOR qformula  (95)

	BAND  shift 131
	RBRACE  reduce 88
	BOR  reduce 88


state 189
	pressburg_tree_guards : pressburg_tree_guards . BAND pressburg_tree_guards  (81)
	pressburg_tree_guards : pressburg_tree_guards . BAND pressburg_atomic_bool  (82)
	pressburg_tree_guards : pressburg_tree_guards . BAND qformula  (86)
	pressburg_tree_guards : pressburg_tree_guards . BOR pressburg_atomic_bool  (89)
	pressburg_tree_guards : pressburg_atomic_bool BOR pressburg_tree_guards .  (90)
	pressburg_tree_guards : pressburg_tree_guards . BOR pressburg_tree_guards  (91)
	pressburg_tree_guards : pressburg_tree_guards . BOR qformula  (94)

	BAND  shift 134
	RBRACE  reduce 90
	BOR  reduce 90


state 190
	pressburg_tree_guards : qformula . BAND pressburg_tree_guards  (84)
	pressburg_tree_guards : qformula . BAND pressburg_atomic_bool  (85)
	pressburg_tree_guards : qformula . BOR pressburg_tree_guards  (92)
	pressburg_tree_guards : qformula . BOR pressburg_atomic_bool  (93)
	pressburg_tree_guards : pressburg_atomic_bool BOR qformula .  (95)

	BAND  shift 137
	RBRACE  reduce 95
	BOR  reduce 95


state 191
	pressburg_tree_guards : pressburg_atomic_bool . BAND pressburg_atomic_bool  (80)
	pressburg_tree_guards : pressburg_tree_guards BAND pressburg_atomic_bool .  (82)
	pressburg_tree_guards : pressburg_atomic_bool . BAND pressburg_tree_guards  (83)
	pressburg_tree_guards : pressburg_atomic_bool . BAND qformula  (87)
	pressburg_tree_guards : pressburg_atomic_bool . BOR pressburg_atomic_bool  (88)
	pressburg_tree_guards : pressburg_atomic_bool . BOR pressburg_tree_guards  (90)
	pressburg_tree_guards : pressburg_atomic_bool . BOR qformula  (95)

	.  reduce 82


state 192
	pressburg_tree_guards : pressburg_tree_guards . BAND pressburg_tree_guards  (81)
	pressburg_tree_guards : pressburg_tree_guards BAND pressburg_tree_guards .  (81)
	pressburg_tree_guards : pressburg_tree_guards . BAND pressburg_atomic_bool  (82)
	pressburg_tree_guards : pressburg_tree_guards . BAND qformula  (86)
	pressburg_tree_guards : pressburg_tree_guards . BOR pressburg_atomic_bool  (89)
	pressburg_tree_guards : pressburg_tree_guards . BOR pressburg_tree_guards  (91)
	pressburg_tree_guards : pressburg_tree_guards . BOR qformula  (94)

	.  reduce 81


state 193
	pressburg_tree_guards : qformula . BAND pressburg_tree_guards  (84)
	pressburg_tree_guards : qformula . BAND pressburg_atomic_bool  (85)
	pressburg_tree_guards : pressburg_tree_guards BAND qformula .  (86)
	pressburg_tree_guards : qformula . BOR pressburg_tree_guards  (92)
	pressburg_tree_guards : qformula . BOR pressburg_atomic_bool  (93)

	.  reduce 86


state 194
	pressburg_tree_guards : pressburg_atomic_bool . BAND pressburg_atomic_bool  (80)
	pressburg_tree_guards : pressburg_atomic_bool . BAND pressburg_tree_guards  (83)
	pressburg_tree_guards : pressburg_atomic_bool . BAND qformula  (87)
	pressburg_tree_guards : pressburg_atomic_bool . BOR pressburg_atomic_bool  (88)
	pressburg_tree_guards : pressburg_tree_guards BOR pressburg_atomic_bool .  (89)
	pressburg_tree_guards : pressburg_atomic_bool . BOR pressburg_tree_guards  (90)
	pressburg_tree_guards : pressburg_atomic_bool . BOR qformula  (95)

	BAND  shift 131
	RBRACE  reduce 89
	BOR  reduce 89


state 195
	pressburg_tree_guards : pressburg_tree_guards . BAND pressburg_tree_guards  (81)
	pressburg_tree_guards : pressburg_tree_guards . BAND pressburg_atomic_bool  (82)
	pressburg_tree_guards : pressburg_tree_guards . BAND qformula  (86)
	pressburg_tree_guards : pressburg_tree_guards . BOR pressburg_atomic_bool  (89)
	pressburg_tree_guards : pressburg_tree_guards . BOR pressburg_tree_guards  (91)
	pressburg_tree_guards : pressburg_tree_guards BOR pressburg_tree_guards .  (91)
	pressburg_tree_guards : pressburg_tree_guards . BOR qformula  (94)

	BAND  shift 134
	RBRACE  reduce 91
	BOR  reduce 91


state 196
	pressburg_tree_guards : qformula . BAND pressburg_tree_guards  (84)
	pressburg_tree_guards : qformula . BAND pressburg_atomic_bool  (85)
	pressburg_tree_guards : qformula . BOR pressburg_tree_guards  (92)
	pressburg_tree_guards : qformula . BOR pressburg_atomic_bool  (93)
	pressburg_tree_guards : pressburg_tree_guards BOR qformula .  (94)

	BAND  shift 137
	RBRACE  reduce 94
	BOR  reduce 94


state 197
	pressburg_tree_guards : pressburg_atomic_bool . BAND pressburg_atomic_bool  (80)
	pressburg_tree_guards : pressburg_atomic_bool . BAND pressburg_tree_guards  (83)
	pressburg_tree_guards : qformula BAND pressburg_atomic_bool .  (85)
	pressburg_tree_guards : pressburg_atomic_bool . BAND qformula  (87)
	pressburg_tree_guards : pressburg_atomic_bool . BOR pressburg_atomic_bool  (88)
	pressburg_tree_guards : pressburg_atomic_bool . BOR pressburg_tree_guards  (90)
	pressburg_tree_guards : pressburg_atomic_bool . BOR qformula  (95)

	.  reduce 85


state 198
	pressburg_tree_guards : pressburg_tree_guards . BAND pressburg_tree_guards  (81)
	pressburg_tree_guards : pressburg_tree_guards . BAND pressburg_atomic_bool  (82)
	pressburg_tree_guards : qformula BAND pressburg_tree_guards .  (84)
	pressburg_tree_guards : pressburg_tree_guards . BAND qformula  (86)
	pressburg_tree_guards : pressburg_tree_guards . BOR pressburg_atomic_bool  (89)
	pressburg_tree_guards : pressburg_tree_guards . BOR pressburg_tree_guards  (91)
	pressburg_tree_guards : pressburg_tree_guards . BOR qformula  (94)

	.  reduce 84


state 199
	pressburg_tree_guards : pressburg_atomic_bool . BAND pressburg_atomic_bool  (80)
	pressburg_tree_guards : pressburg_atomic_bool . BAND pressburg_tree_guards  (83)
	pressburg_tree_guards : pressburg_atomic_bool . BAND qformula  (87)
	pressburg_tree_guards : pressburg_atomic_bool . BOR pressburg_atomic_bool  (88)
	pressburg_tree_guards : pressburg_atomic_bool . BOR pressburg_tree_guards  (90)
	pressburg_tree_guards : qformula BOR pressburg_atomic_bool .  (93)
	pressburg_tree_guards : pressburg_atomic_bool . BOR qformula  (95)

	BAND  shift 131
	RBRACE  reduce 93
	BOR  reduce 93


state 200
	pressburg_tree_guards : pressburg_tree_guards . BAND pressburg_tree_guards  (81)
	pressburg_tree_guards : pressburg_tree_guards . BAND pressburg_atomic_bool  (82)
	pressburg_tree_guards : pressburg_tree_guards . BAND qformula  (86)
	pressburg_tree_guards : pressburg_tree_guards . BOR pressburg_atomic_bool  (89)
	pressburg_tree_guards : pressburg_tree_guards . BOR pressburg_tree_guards  (91)
	pressburg_tree_guards : qformula BOR pressburg_tree_guards .  (92)
	pressburg_tree_guards : pressburg_tree_guards . BOR qformula  (94)

	BAND  shift 134
	RBRACE  reduce 92
	BOR  reduce 92


state 201
	gen_affect : LBRACE primed_var_list RBRACE EQ . IDENT LBRACE arithm_expr_list RBRACE  (73)
	gen_affect : LBRACE primed_var_list RBRACE EQ . IDENT LBRACE RBRACE  (74)

	IDENT  shift 220
	.  error


state 202
	primed_var_list : primed_express COMMA primed_var_list .  (66)

	.  reduce 66


state 203
	primed_var_list : primed_express . COMMA primed_var_list  (66)
	primed_var_list : primed_express . COMMA primed_express  (67)
	primed_var_list : primed_express COMMA primed_express .  (67)

	COMMA  shift 140
	RBRACE  reduce 67


state 204
	nts_trans_elem : BNOT LBRACE pressburg_atomic_bool RBRACE .  (47)

	.  reduce 47


state 205
	nts_trans_elem : BNOT LBRACE pressburg_tree_guards RBRACE .  (48)

	.  reduce 48


state 206
	havocise : HAVOC LBRACE ident_list RBRACE .  (119)

	.  reduce 119


state 207
	qformula : EXISTS ident_list COLON INTDECL . DOT pressburg_atomic_bool  (56)
	qformula : EXISTS ident_list COLON INTDECL . DOT LBRACE pressburg_tree_guards RBRACE  (57)
	qformula : EXISTS ident_list COLON INTDECL . DOT LBRACE qformula RBRACE  (58)

	DOT  shift 221
	.  error


state 208
	qformula : FORALL ident_list COLON INTDECL . DOT pressburg_atomic_bool  (59)
	qformula : FORALL ident_list COLON INTDECL . DOT LBRACE pressburg_tree_guards RBRACE  (60)
	qformula : FORALL ident_list COLON INTDECL . DOT LBRACE qformula RBRACE  (61)

	DOT  shift 222
	.  error


state 209
	cautomaton_state : INITSTATE ident_list SEMICOLON .  (42)

	.  reduce 42


state 210
	cautomaton_state : FINALSTATE ident_list SEMICOLON .  (43)

	.  reduce 43


state 211
	cautomaton_state : ERRORSTATE ident_list SEMICOLON .  (44)

	.  reduce 44


state 212
	transitions : IDENT COLON . IDENT ARROW IDENT LBRACK nts_trans_split RBRACK  (38)
	transitions : IDENT COLON . IDENT ARROW IDENT LBRACK RBRACK  (39)

	IDENT  shift 223
	.  error


state 213
	transitions : IDENT ARROW . IDENT LBRACK RBRACK  (36)
	transitions : IDENT ARROW . IDENT LBRACK nts_trans_split RBRACK  (37)

	IDENT  shift 224
	.  error


state 214
	decl_automata : IDENT LBRACK vars_automaton states_list transitions_list RBRACK .  (22)

	.  reduce 22


state 215
	transitions_list : transitions transitions_list .  (34)

	.  reduce 34


state 216
	arithm_expr_list : arithm_expr COMMA arithm_expr_list .  (108)

	.  reduce 108


state 217
	gen_affect : PRIMEDVAR EQ IDENT LBRACE RBRACE .  (69)

	.  reduce 69


state 218
	gen_affect : PRIMEDVAR EQ IDENT LBRACE arithm_expr_list . RBRACE  (68)

	RBRACE  shift 225
	.  error


state 219
	gen_affect : LBRACE PRIMEDVAR RBRACE EQ IDENT . LBRACE arithm_expr_list RBRACE  (71)
	gen_affect : LBRACE PRIMEDVAR RBRACE EQ IDENT . LBRACE RBRACE  (72)

	LBRACE  shift 226
	.  error


state 220
	gen_affect : LBRACE primed_var_list RBRACE EQ IDENT . LBRACE arithm_expr_list RBRACE  (73)
	gen_affect : LBRACE primed_var_list RBRACE EQ IDENT . LBRACE RBRACE  (74)

	LBRACE  shift 227
	.  error


state 221
	qformula : EXISTS ident_list COLON INTDECL DOT . pressburg_atomic_bool  (56)
	qformula : EXISTS ident_list COLON INTDECL DOT . LBRACE pressburg_tree_guards RBRACE  (57)
	qformula : EXISTS ident_list COLON INTDECL DOT . LBRACE qformula RBRACE  (58)

	INT  shift 23
	IDENT  shift 62
	PRIMEDVAR  shift 63
	MINUS  shift 26
	LBRACE  shift 228
	BTRUE  shift 28
	BFALSE  shift 29
	.  error

	arithm_expr  goto 35
	pressburg_atomic_bool  goto 229
	primed_express  goto 42


state 222
	qformula : FORALL ident_list COLON INTDECL DOT . pressburg_atomic_bool  (59)
	qformula : FORALL ident_list COLON INTDECL DOT . LBRACE pressburg_tree_guards RBRACE  (60)
	qformula : FORALL ident_list COLON INTDECL DOT . LBRACE qformula RBRACE  (61)

	INT  shift 23
	IDENT  shift 62
	PRIMEDVAR  shift 63
	MINUS  shift 26
	LBRACE  shift 230
	BTRUE  shift 28
	BFALSE  shift 29
	.  error

	arithm_expr  goto 35
	pressburg_atomic_bool  goto 231
	primed_express  goto 42


state 223
	transitions : IDENT COLON IDENT . ARROW IDENT LBRACK nts_trans_split RBRACK  (38)
	transitions : IDENT COLON IDENT . ARROW IDENT LBRACK RBRACK  (39)

	ARROW  shift 232
	.  error


state 224
	transitions : IDENT ARROW IDENT . LBRACK RBRACK  (36)
	transitions : IDENT ARROW IDENT . LBRACK nts_trans_split RBRACK  (37)

	LBRACK  shift 233
	.  error


state 225
	gen_affect : PRIMEDVAR EQ IDENT LBRACE arithm_expr_list RBRACE .  (68)

	.  reduce 68


state 226
	gen_affect : LBRACE PRIMEDVAR RBRACE EQ IDENT LBRACE . arithm_expr_list RBRACE  (71)
	gen_affect : LBRACE PRIMEDVAR RBRACE EQ IDENT LBRACE . RBRACE  (72)

	INT  shift 23
	IDENT  shift 62
	PRIMEDVAR  shift 63
	MINUS  shift 26
	LBRACE  shift 64
	RBRACE  shift 234
	.  error

	arithm_expr  goto 117
	primed_express  goto 42
	arithm_expr_list  goto 235


state 227
	gen_affect : LBRACE primed_var_list RBRACE EQ IDENT LBRACE . arithm_expr_list RBRACE  (73)
	gen_affect : LBRACE primed_var_list RBRACE EQ IDENT LBRACE . RBRACE  (74)

	INT  shift 23
	IDENT  shift 62
	PRIMEDVAR  shift 63
	MINUS  shift 26
	LBRACE  shift 64
	RBRACE  shift 236
	.  error

	arithm_expr  goto 117
	primed_express  goto 42
	arithm_expr_list  goto 237


state 228
	qformula : EXISTS ident_list COLON INTDECL DOT LBRACE . pressburg_tree_guards RBRACE  (57)
	qformula : EXISTS ident_list COLON INTDECL DOT LBRACE . qformula RBRACE  (58)
	arithm_expr : LBRACE . arithm_expr RBRACE  (112)

	INT  shift 23
	IDENT  shift 62
	PRIMEDVAR  shift 63
	MINUS  shift 26
	LBRACE  shift 67
	BTRUE  shift 28
	BFALSE  shift 29
	BNOT  shift 68
	EXISTS  shift 33
	FORALL  shift 34
	.  error

	arithm_expr  goto 69
	pressburg_atomic_bool  goto 238
	pressburg_tree_guards  goto 239
	qformula  goto 240
	primed_express  goto 42


state 229
	qformula : EXISTS ident_list COLON INTDECL DOT pressburg_atomic_bool .  (56)

	.  reduce 56


state 230
	qformula : FORALL ident_list COLON INTDECL DOT LBRACE . pressburg_tree_guards RBRACE  (60)
	qformula : FORALL ident_list COLON INTDECL DOT LBRACE . qformula RBRACE  (61)
	arithm_expr : LBRACE . arithm_expr RBRACE  (112)

	INT  shift 23
	IDENT  shift 62
	PRIMEDVAR  shift 63
	MINUS  shift 26
	LBRACE  shift 67
	BTRUE  shift 28
	BFALSE  shift 29
	BNOT  shift 68
	EXISTS  shift 33
	FORALL  shift 34
	.  error

	arithm_expr  goto 69
	pressburg_atomic_bool  goto 238
	pressburg_tree_guards  goto 241
	qformula  goto 242
	primed_express  goto 42


state 231
	qformula : FORALL ident_list COLON INTDECL DOT pressburg_atomic_bool .  (59)

	.  reduce 59


state 232
	transitions : IDENT COLON IDENT ARROW . IDENT LBRACK nts_trans_split RBRACK  (38)
	transitions : IDENT COLON IDENT ARROW . IDENT LBRACK RBRACK  (39)

	IDENT  shift 243
	.  error


state 233
	transitions : IDENT ARROW IDENT LBRACK . RBRACK  (36)
	transitions : IDENT ARROW IDENT LBRACK . nts_trans_split RBRACK  (37)

	INT  shift 23
	IDENT  shift 24
	PRIMEDVAR  shift 25
	MINUS  shift 26
	LBRACE  shift 27
	RBRACK  shift 244
	BTRUE  shift 28
	BFALSE  shift 29
	BOR  shift 30
	BNOT  shift 31
	HAVOC  shift 32
	EXISTS  shift 33
	FORALL  shift 34
	.  error

	arithm_expr  goto 35
	nts_trans_split_prec  goto 245
	nts_trans_split  goto 246
	nts_trans_elem  goto 37
	pressburg_atomic_bool  goto 38
	gen_affect  goto 39
	havocise  goto 40
	qformula  goto 41
	primed_express  goto 42


state 234
	gen_affect : LBRACE PRIMEDVAR RBRACE EQ IDENT LBRACE RBRACE .  (72)

	.  reduce 72


state 235
	gen_affect : LBRACE PRIMEDVAR RBRACE EQ IDENT LBRACE arithm_expr_list . RBRACE  (71)

	RBRACE  shift 247
	.  error


state 236
	gen_affect : LBRACE primed_var_list RBRACE EQ IDENT LBRACE RBRACE .  (74)

	.  reduce 74


state 237
	gen_affect : LBRACE primed_var_list RBRACE EQ IDENT LBRACE arithm_expr_list . RBRACE  (73)

	RBRACE  shift 248
	.  error


state 238
	pressburg_tree_guards : pressburg_atomic_bool . BAND pressburg_atomic_bool  (80)
	pressburg_tree_guards : pressburg_atomic_bool . BAND pressburg_tree_guards  (83)
	pressburg_tree_guards : pressburg_atomic_bool . BAND qformula  (87)
	pressburg_tree_guards : pressburg_atomic_bool . BOR pressburg_atomic_bool  (88)
	pressburg_tree_guards : pressburg_atomic_bool . BOR pressburg_tree_guards  (90)
	pressburg_tree_guards : pressburg_atomic_bool . BOR qformula  (95)

	BAND  shift 131
	BOR  shift 132
	.  error


state 239
	qformula : EXISTS ident_list COLON INTDECL DOT LBRACE pressburg_tree_guards . RBRACE  (57)
	pressburg_tree_guards : pressburg_tree_guards . BAND pressburg_tree_guards  (81)
	pressburg_tree_guards : pressburg_tree_guards . BAND pressburg_atomic_bool  (82)
	pressburg_tree_guards : pressburg_tree_guards . BAND qformula  (86)
	pressburg_tree_guards : pressburg_tree_guards . BOR pressburg_atomic_bool  (89)
	pressburg_tree_guards : pressburg_tree_guards . BOR pressburg_tree_guards  (91)
	pressburg_tree_guards : pressburg_tree_guards . BOR qformula  (94)

	RBRACE  shift 249
	BAND  shift 134
	BOR  shift 135
	.  error


state 240
	qformula : EXISTS ident_list COLON INTDECL DOT LBRACE qformula . RBRACE  (58)
	pressburg_tree_guards : qformula . BAND pressburg_tree_guards  (84)
	pressburg_tree_guards : qformula . BAND pressburg_atomic_bool  (85)
	pressburg_tree_guards : qformula . BOR pressburg_tree_guards  (92)
	pressburg_tree_guards : qformula . BOR pressburg_atomic_bool  (93)

	RBRACE  shift 250
	BAND  shift 137
	BOR  shift 138
	.  error


state 241
	qformula : FORALL ident_list COLON INTDECL DOT LBRACE pressburg_tree_guards . RBRACE  (60)
	pressburg_tree_guards : pressburg_tree_guards . BAND pressburg_tree_guards  (81)
	pressburg_tree_guards : pressburg_tree_guards . BAND pressburg_atomic_bool  (82)
	pressburg_tree_guards : pressburg_tree_guards . BAND qformula  (86)
	pressburg_tree_guards : pressburg_tree_guards . BOR pressburg_atomic_bool  (89)
	pressburg_tree_guards : pressburg_tree_guards . BOR pressburg_tree_guards  (91)
	pressburg_tree_guards : pressburg_tree_guards . BOR qformula  (94)

	RBRACE  shift 251
	BAND  shift 134
	BOR  shift 135
	.  error


state 242
	qformula : FORALL ident_list COLON INTDECL DOT LBRACE qformula . RBRACE  (61)
	pressburg_tree_guards : qformula . BAND pressburg_tree_guards  (84)
	pressburg_tree_guards : qformula . BAND pressburg_atomic_bool  (85)
	pressburg_tree_guards : qformula . BOR pressburg_tree_guards  (92)
	pressburg_tree_guards : qformula . BOR pressburg_atomic_bool  (93)

	RBRACE  shift 252
	BAND  shift 137
	BOR  shift 138
	.  error


state 243
	transitions : IDENT COLON IDENT ARROW IDENT . LBRACK nts_trans_split RBRACK  (38)
	transitions : IDENT COLON IDENT ARROW IDENT . LBRACK RBRACK  (39)

	LBRACK  shift 253
	.  error


state 244
	transitions : IDENT ARROW IDENT LBRACK RBRACK .  (36)

	.  reduce 36


state 245
	nts_trans_split : nts_trans_split_prec .  (65)

	.  reduce 65


state 246
	transitions : IDENT ARROW IDENT LBRACK nts_trans_split . RBRACK  (37)

	RBRACK  shift 254
	.  error


state 247
	gen_affect : LBRACE PRIMEDVAR RBRACE EQ IDENT LBRACE arithm_expr_list RBRACE .  (71)

	.  reduce 71


state 248
	gen_affect : LBRACE primed_var_list RBRACE EQ IDENT LBRACE arithm_expr_list RBRACE .  (73)

	.  reduce 73


state 249
	qformula : EXISTS ident_list COLON INTDECL DOT LBRACE pressburg_tree_guards RBRACE .  (57)

	.  reduce 57


state 250
	qformula : EXISTS ident_list COLON INTDECL DOT LBRACE qformula RBRACE .  (58)

	.  reduce 58


state 251
	qformula : FORALL ident_list COLON INTDECL DOT LBRACE pressburg_tree_guards RBRACE .  (60)

	.  reduce 60


state 252
	qformula : FORALL ident_list COLON INTDECL DOT LBRACE qformula RBRACE .  (61)

	.  reduce 61


state 253
	transitions : IDENT COLON IDENT ARROW IDENT LBRACK . nts_trans_split RBRACK  (38)
	transitions : IDENT COLON IDENT ARROW IDENT LBRACK . RBRACK  (39)

	INT  shift 23
	IDENT  shift 24
	PRIMEDVAR  shift 25
	MINUS  shift 26
	LBRACE  shift 27
	RBRACK  shift 255
	BTRUE  shift 28
	BFALSE  shift 29
	BOR  shift 30
	BNOT  shift 31
	HAVOC  shift 32
	EXISTS  shift 33
	FORALL  shift 34
	.  error

	arithm_expr  goto 35
	nts_trans_split_prec  goto 245
	nts_trans_split  goto 256
	nts_trans_elem  goto 37
	pressburg_atomic_bool  goto 38
	gen_affect  goto 39
	havocise  goto 40
	qformula  goto 41
	primed_express  goto 42


state 254
	transitions : IDENT ARROW IDENT LBRACK nts_trans_split RBRACK .  (37)

	.  reduce 37


state 255
	transitions : IDENT COLON IDENT ARROW IDENT LBRACK RBRACK .  (39)

	.  reduce 39


state 256
	transitions : IDENT COLON IDENT ARROW IDENT LBRACK nts_trans_split . RBRACK  (38)

	RBRACK  shift 257
	.  error


state 257
	transitions : IDENT COLON IDENT ARROW IDENT LBRACK nts_trans_split RBRACK .  (38)

	.  reduce 38


State 66 contains 1 shift/reduce conflict.


60 terminals, 32 nonterminals
122 grammar rules, 258 states
